2025-04-06 18:49:35 - Starting SmartTaskManagerApplicationTests using Java 21.0.6 with PID 25844 (started by Chandrakanth in C:\Users\Chandrakanth\Desktop\_workspace\SmartTaskManager)
2025-04-06 18:49:35 - No active profile set, falling back to 1 default profile: "default"
2025-04-06 18:49:36 - Bootstrapping Spring Data JPA repositories in DEFAULT mode.
2025-04-06 18:49:36 - Finished Spring Data repository scanning in 108 ms. Found 2 JPA repository interfaces.
2025-04-06 18:49:37 - HHH000204: Processing PersistenceUnitInfo [name: default]
2025-04-06 18:49:37 - HHH000412: Hibernate ORM core version 6.6.11.Final
2025-04-06 18:49:38 - HHH000026: Second-level cache disabled
2025-04-06 18:49:38 - No LoadTimeWeaver setup: ignoring JPA class transformer
2025-04-06 18:49:38 - HikariPool-1 - Starting...
2025-04-06 18:49:39 - HikariPool-1 - Added connection com.mysql.cj.jdbc.ConnectionImpl@5d37aa0f
2025-04-06 18:49:39 - HikariPool-1 - Start completed.
2025-04-06 18:49:39 - HHH90000025: MySQLDialect does not need to be specified explicitly using 'hibernate.dialect' (remove the property setting and it will be selected by default)
2025-04-06 18:49:39 - HHH10001005: Database info:
	Database JDBC URL [Connecting through datasource 'HikariDataSource (HikariPool-1)']
	Database driver: undefined/unknown
	Database version: 8.0.36
	Autocommit mode: undefined/unknown
	Isolation level: undefined/unknown
	Minimum pool size: undefined/unknown
	Maximum pool size: undefined/unknown
2025-04-06 18:49:41 - HHH000489: No JTA platform available (set 'hibernate.transaction.jta.platform' to enable JTA platform integration)
2025-04-06 18:49:41 - Initialized JPA EntityManagerFactory for persistence unit 'default'
2025-04-06 18:49:42 - spring.jpa.open-in-view is enabled by default. Therefore, database queries may be performed during view rendering. Explicitly configure spring.jpa.open-in-view to disable this warning
2025-04-06 18:49:42 - Global AuthenticationManager configured with UserDetailsService bean with name userDetailsService
2025-04-06 18:49:44 - Started SmartTaskManagerApplicationTests in 9.682 seconds (process running for 14.614)
2025-04-06 18:49:45 - Closing JPA EntityManagerFactory for persistence unit 'default'
2025-04-06 18:49:45 - HikariPool-1 - Shutdown initiated...
2025-04-06 18:49:45 - HikariPool-1 - Shutdown completed.
